# JRE version: Java(TM) SE Runtime Environment (22.0+36) (build 22+36-2370)
# Java VM: Java HotSpot(TM) 64-Bit Server VM (22+36-2370, mixed mode, emulated-client, sharing, tiered, compressed oops, compressed class ptrs, g1 gc, windows-amd64)
GC Precious Log:
 CardTable entry size: 512
 Card Set container configuration: InlinePtr #cards 4 size 8 Array Of Cards #cards 32 size 80 Howl #buckets 8 coarsen threshold 7372 Howl Bitmap #cards 1024 size 144 coarsen threshold 921 Card regions per heap region 1 cards per card region 8192
 CPUs: 12 total, 12 available
 Memory: 24280M
 Large Page Support: Disabled
 NUMA Support: Disabled
 Compressed Oops: Enabled (Zero based)
 Heap Region Size: 4M
 Heap Min Capacity: 8M
 Heap Initial Capacity: 380M
 Heap Max Capacity: 6072M
 Pre-touch: Disabled
 Parallel Workers: 10
 Concurrent Workers: 3
 Concurrent Refinement Workers: 10
 Periodic GC: Disabled
Heap:
 garbage-first heap   total reserved 6217728K, committed 77824K, used 23226K [0x0000000684800000, 0x0000000800000000)
  region size 4096K, 2 young (8192K), 1 survivors (4096K)
 Metaspace       used 41398K, committed 42240K, reserved 1114112K
  class space    used 5712K, committed 6080K, reserved 1048576K
GC Heap History (16 events):
Event: 0.459 GC heap before
{Heap before GC invocations=0 (full 0):
 garbage-first heap   total reserved 6217728K, committed 389120K, used 24576K [0x0000000684800000, 0x0000000800000000)
  region size 4096K, 6 young (24576K), 0 survivors (0K)
 Metaspace       used 5109K, committed 5312K, reserved 1114112K
  class space    used 689K, committed 768K, reserved 1048576K
}
Event: 0.464 GC heap after
{Heap after GC invocations=1 (full 0):
 garbage-first heap   total reserved 6217728K, committed 389120K, used 4878K [0x0000000684800000, 0x0000000800000000)
  region size 4096K, 1 young (4096K), 1 survivors (4096K)
 Metaspace       used 5109K, committed 5312K, reserved 1114112K
  class space    used 689K, committed 768K, reserved 1048576K
}
Event: 0.877 GC heap before
{Heap before GC invocations=1 (full 0):
 garbage-first heap   total reserved 6217728K, committed 389120K, used 33550K [0x0000000684800000, 0x0000000800000000)
  region size 4096K, 9 young (36864K), 1 survivors (4096K)
 Metaspace       used 12317K, committed 12672K, reserved 1114112K
  class space    used 1706K, committed 1856K, reserved 1048576K
}
Event: 0.882 GC heap after
{Heap after GC invocations=2 (full 0):
 garbage-first heap   total reserved 6217728K, committed 389120K, used 8225K [0x0000000684800000, 0x0000000800000000)
  region size 4096K, 2 young (8192K), 2 survivors (8192K)
 Metaspace       used 12317K, committed 12672K, reserved 1114112K
  class space    used 1706K, committed 1856K, reserved 1048576K
}
Event: 1.468 GC heap before
{Heap before GC invocations=2 (full 0):
 garbage-first heap   total reserved 6217728K, committed 389120K, used 45089K [0x0000000684800000, 0x0000000800000000)
  region size 4096K, 12 young (49152K), 2 survivors (8192K)
 Metaspace       used 17319K, committed 17728K, reserved 1114112K
  class space    used 2417K, committed 2624K, reserved 1048576K
}
Event: 1.475 GC heap after
{Heap after GC invocations=3 (full 0):
 garbage-first heap   total reserved 6217728K, committed 389120K, used 11739K [0x0000000684800000, 0x0000000800000000)
  region size 4096K, 3 young (12288K), 3 survivors (12288K)
 Metaspace       used 17319K, committed 17728K, reserved 1114112K
  class space    used 2417K, committed 2624K, reserved 1048576K
}
Event: 2.162 GC heap before
{Heap before GC invocations=4 (full 0):
 garbage-first heap   total reserved 6217728K, committed 57344K, used 52699K [0x0000000684800000, 0x0000000800000000)
  region size 4096K, 13 young (53248K), 3 survivors (12288K)
 Metaspace       used 21549K, committed 22016K, reserved 1114112K
  class space    used 3015K, committed 3200K, reserved 1048576K
}
Event: 2.170 GC heap after
{Heap after GC invocations=5 (full 0):
 garbage-first heap   total reserved 6217728K, committed 73728K, used 14581K [0x0000000684800000, 0x0000000800000000)
  region size 4096K, 4 young (16384K), 4 survivors (16384K)
 Metaspace       used 21549K, committed 22016K, reserved 1114112K
  class space    used 3015K, committed 3200K, reserved 1048576K
}
Event: 2.472 GC heap before
{Heap before GC invocations=5 (full 0):
 garbage-first heap   total reserved 6217728K, committed 73728K, used 39157K [0x0000000684800000, 0x0000000800000000)
  region size 4096K, 10 young (40960K), 4 survivors (16384K)
 Metaspace       used 24820K, committed 25280K, reserved 1114112K
  class space    used 3484K, committed 3712K, reserved 1048576K
}
Event: 2.479 GC heap after
{Heap after GC invocations=6 (full 0):
 garbage-first heap   total reserved 6217728K, committed 73728K, used 16207K [0x0000000684800000, 0x0000000800000000)
  region size 4096K, 2 young (8192K), 2 survivors (8192K)
 Metaspace       used 24820K, committed 25280K, reserved 1114112K
  class space    used 3484K, committed 3712K, reserved 1048576K
}
Event: 2.798 GC heap before
{Heap before GC invocations=6 (full 0):
 garbage-first heap   total reserved 6217728K, committed 73728K, used 24399K [0x0000000684800000, 0x0000000800000000)
  region size 4096K, 5 young (20480K), 2 survivors (8192K)
 Metaspace       used 29041K, committed 29568K, reserved 1114112K
  class space    used 3994K, committed 4224K, reserved 1048576K
}
Event: 2.802 GC heap after
{Heap after GC invocations=7 (full 0):
 garbage-first heap   total reserved 6217728K, committed 233472K, used 16856K [0x0000000684800000, 0x0000000800000000)
  region size 4096K, 1 young (4096K), 1 survivors (4096K)
 Metaspace       used 29041K, committed 29568K, reserved 1114112K
  class space    used 3994K, committed 4224K, reserved 1048576K
}
Event: 3.571 GC heap before
{Heap before GC invocations=8 (full 0):
 garbage-first heap   total reserved 6217728K, committed 69632K, used 66008K [0x0000000684800000, 0x0000000800000000)
  region size 4096K, 13 young (53248K), 1 survivors (4096K)
 Metaspace       used 36087K, committed 36864K, reserved 1114112K
  class space    used 4922K, committed 5248K, reserved 1048576K
}
Event: 3.576 GC heap after
{Heap after GC invocations=9 (full 0):
 garbage-first heap   total reserved 6217728K, committed 77824K, used 21377K [0x0000000684800000, 0x0000000800000000)
  region size 4096K, 2 young (8192K), 2 survivors (8192K)
 Metaspace       used 36087K, committed 36864K, reserved 1114112K
  class space    used 4922K, committed 5248K, reserved 1048576K
}
Event: 16.203 GC heap before
{Heap before GC invocations=9 (full 0):
 garbage-first heap   total reserved 6217728K, committed 77824K, used 58241K [0x0000000684800000, 0x0000000800000000)
  region size 4096K, 11 young (45056K), 2 survivors (8192K)
 Metaspace       used 41124K, committed 41920K, reserved 1114112K
  class space    used 5677K, committed 6016K, reserved 1048576K
}
Event: 16.214 GC heap after
{Heap after GC invocations=10 (full 0):
 garbage-first heap   total reserved 6217728K, committed 77824K, used 23226K [0x0000000684800000, 0x0000000800000000)
  region size 4096K, 1 young (4096K), 1 survivors (4096K)
 Metaspace       used 41124K, committed 41920K, reserved 1114112K
  class space    used 5677K, committed 6016K, reserved 1048576K
}

